#
# A fatal error has been detected by the Java Runtime Environment:
#
#  EXCEPTION_PRIV_INSTRUCTION (0xc0000096) at pc=0x0000000004b95a4d, pid=17624, tid=0x00000000000024bc
#
# JRE version: Java(TM) SE Runtime Environment (8.0_152-b16) (build 1.8.0_152-b16)
# Java VM: Java HotSpot(TM) 64-Bit Server VM (25.152-b16 mixed mode windows-amd64 compressed oops)
# Problematic frame:
# j  com.cic.pas.procotol.ByteModBusDecoder.decoder(Ljava/lang/String;III[BLjava/lang/String;Ljava/lang/String;)V+200
#
# Failed to write core dump. Minidumps are not enabled by default on client versions of Windows
#
# If you would like to submit a bug report, please visit:
#   http://bugreport.java.com/bugreport/crash.jsp
#

---------------  T H R E A D  ---------------

Current thread (0x000000001c325800):  JavaThread "192.168.203.241:4023" [_thread_in_Java, id=9404, stack(0x000000001e560000,0x000000001e660000)]

siginfo: ExceptionCode=0xc0000096

Registers:
RAX=0x0000000000000000, RBX=0x0000000000000040, RCX=0x0000000000000000, RDX=0x0000000000000000
RSP=0x000000001e65edc0, RBP=0x000000001e65eed0, RSI=0x0000000000000108, RDI=0x000000000000197c
R8 =0x0000000000000061, R9 =0x0000000004a87f30, R10=0x0000000000000061, R11=0x000000001e65e590
R12=0x0000000000000000, R13=0x000000001e7b8657, R14=0x000000001e65ef80, R15=0x000000001c325800
RIP=0x0000000004b95a4d, EFLAGS=0x0000000000010206

Top of Stack: (sp=0x000000001e65edc0)
0x000000001e65edc0:   000000001c325800 000000001e65ef80
0x000000001e65edd0:   0000000000000040 0000000000000108
0x000000001e65ede0:   0000000084f09c30 00000000754c9290
0x000000001e65edf0:   0000000000000006 00000000d756b858
0x000000001e65ee00:   000000000000197c 0000000000000108
0x000000001e65ee10:   000000001e65eed0 000000001e65ee40
0x000000001e65ee20:   0000000000000040 00000000000000ca
0x000000001e65ee30:   000000001e7b8a80 0000000000000003
0x000000001e65ee40:   00000000d74f1650 0000000000000000
0x000000001e65ee50:   0000000000000000 0000000000000003
0x000000001e65ee60:   000000001e65eed0 0000000000000003
0x000000001e65ee70:   0000000000000002 0000000000000000
0x000000001e65ee80:   00000000d74f1650 0000000000000003
0x000000001e65ee90:   000000001e65ee90 000000001e7b8578
0x000000001e65eea0:   000000001e65ef80 000000001e7b9bb8
0x000000001e65eeb0:   0000000000000000 000000001e7b8a80 

Instructions: (pc=0x0000000004b95a4d)
0x0000000004b95a2d:   48 b9 d0 a8 2b 75 00 00 00 00 48 ba d7 59 b9 04
0x0000000004b95a3d:   00 00 00 00 4c 8b c4 48 83 e4 f0 e8 83 e7 41 70
0x0000000004b95a4d:   f4 66 90 00 00 00 00 00 00 00 00 00 00 00 00 00
0x0000000004b95a5d:   00 00 00 80 20 00 00 00 00 00 00 b8 a8 2b 75 00 


Register to memory mapping:

RAX=0x0000000000000000 is an unknown value
RBX=0x0000000000000040 is an unknown value
RCX=0x0000000000000000 is an unknown value
RDX=0x0000000000000000 is an unknown value
RSP=0x000000001e65edc0 is pointing into the stack for thread: 0x000000001c325800
RBP=0x000000001e65eed0 is pointing into the stack for thread: 0x000000001c325800
RSI=0x0000000000000108 is an unknown value
RDI=0x000000000000197c is an unknown value
R8 =0x0000000000000061 is an unknown value
R9 =0x0000000004a87f30 is an unknown value
R10=0x0000000000000061 is an unknown value
R11=0x000000001e65e590 is pointing into the stack for thread: 0x000000001c325800
R12=0x0000000000000000 is an unknown value
R13=0x000000001e7b8657 is pointing into metadata
R14=0x000000001e65ef80 is pointing into the stack for thread: 0x000000001c325800
R15=0x000000001c325800 is a thread


Stack: [0x000000001e560000,0x000000001e660000],  sp=0x000000001e65edc0,  free space=1019k
Native frames: (J=compiled Java code, j=interpreted, Vv=VM code, C=native code)
C  0x0000000004b95a4d


---------------  P R O C E S S  ---------------

Java Threads: ( => current thread )
  0x000000001cb0b800 JavaThread "Modbus4J TcpMaster" daemon [_thread_blocked, id=19912, stack(0x0000000021f50000,0x0000000022050000)]
  0x0000000004a95800 JavaThread "DestroyJavaVM" [_thread_blocked, id=17584, stack(0x0000000004400000,0x0000000004500000)]
=>0x000000001c325800 JavaThread "192.168.203.241:4023" [_thread_in_Java, id=9404, stack(0x000000001e560000,0x000000001e660000)]
  0x000000001abe0000 JavaThread "MySQL Statement Cancellation Timer" daemon [_thread_blocked, id=9408, stack(0x000000001da20000,0x000000001db20000)]
  0x000000001b7d9800 JavaThread "Timer-0" daemon [_thread_blocked, id=17468, stack(0x000000001d920000,0x000000001da20000)]
  0x000000001c2e7000 JavaThread "Thread-1" [_thread_in_native, id=18380, stack(0x000000001d820000,0x000000001d920000)]
  0x000000001ac28000 JavaThread "Service Thread" daemon [_thread_blocked, id=4388, stack(0x000000001b4b0000,0x000000001b5b0000)]
  0x000000001abb8800 JavaThread "C1 CompilerThread2" daemon [_thread_blocked, id=6984, stack(0x000000001b3b0000,0x000000001b4b0000)]
  0x000000001abb4000 JavaThread "C2 CompilerThread1" daemon [_thread_blocked, id=18568, stack(0x000000001b2b0000,0x000000001b3b0000)]
  0x000000001aba8000 JavaThread "C2 CompilerThread0" daemon [_thread_blocked, id=17600, stack(0x000000001b1b0000,0x000000001b2b0000)]
  0x0000000019597000 JavaThread "JDWP Command Reader" daemon [_thread_in_native, id=2400, stack(0x000000001b0b0000,0x000000001b1b0000)]
  0x0000000019594000 JavaThread "JDWP Event Helper Thread" daemon [_thread_blocked, id=18564, stack(0x000000001afb0000,0x000000001b0b0000)]
  0x0000000019583000 JavaThread "JDWP Transport Listener: dt_socket" daemon [_thread_blocked, id=13472, stack(0x000000001aeb0000,0x000000001afb0000)]
  0x000000001a8f2800 JavaThread "Attach Listener" daemon [_thread_blocked, id=18560, stack(0x000000001adb0000,0x000000001aeb0000)]
  0x000000001955d800 JavaThread "Signal Dispatcher" daemon [_thread_blocked, id=17596, stack(0x000000001acb0000,0x000000001adb0000)]
  0x0000000019550000 JavaThread "Finalizer" daemon [_thread_blocked, id=18552, stack(0x000000001a7b0000,0x000000001a8b0000)]
  0x0000000004b84800 JavaThread "Reference Handler" daemon [_thread_blocked, id=15684, stack(0x000000001a6b0000,0x000000001a7b0000)]

Other Threads:
  0x0000000019528800 VMThread [stack: 0x000000001a5b0000,0x000000001a6b0000] [id=17368]
  0x000000001aca6800 WatcherThread [stack: 0x000000001bdb0000,0x000000001beb0000] [id=17604]

VM state:not at safepoint (normal execution)

VM Mutex/Monitor currently owned by a thread: None

Heap:
 PSYoungGen      total 23552K, used 15722K [0x00000000d6b00000, 0x00000000dcf80000, 0x0000000100000000)
  eden space 18944K, 58% used [0x00000000d6b00000,0x00000000d75e68d8,0x00000000d7d80000)
  from space 4608K, 98% used [0x00000000d7d80000,0x00000000d81f4070,0x00000000d8200000)
  to   space 41984K, 0% used [0x00000000da680000,0x00000000da680000,0x00000000dcf80000)
 ParOldGen       total 63488K, used 37743K [0x0000000084000000, 0x0000000087e00000, 0x00000000d6b00000)
  object space 63488K, 59% used [0x0000000084000000,0x00000000864dbd28,0x0000000087e00000)
 Metaspace       used 30583K, capacity 32374K, committed 35328K, reserved 1079296K
  class space    used 3495K, capacity 4128K, committed 5120K, reserved 1048576K

Card table byte_map: [0x0000000013f50000,0x0000000014340000] byte_map_base: 0x0000000013b30000

Marking Bits: (ParMarkBitMap*) 0x00000000754e0860
 Begin Bits: [0x00000000149e0000, 0x00000000168e0000)
 End Bits:   [0x00000000168e0000, 0x00000000187e0000)

Polling page: 0x0000000004500000

CodeCache: size=245760Kb used=19179Kb max_used=19194Kb free=226580Kb
 bounds [0x0000000004b90000, 0x0000000005e70000, 0x0000000013b90000]
 total_blobs=5726 nmethods=5235 adapters=410
 compilation: enabled

Compilation events (10 events):
Event: 472.404 Thread 0x000000001abb8800 6314       3       jdk.nashorn.internal.codegen.CodeGenerator$Store::storeNonDiscard (117 bytes)
Event: 472.405 Thread 0x000000001abb8800 nmethod 6314 0x0000000005e5cdd0 code [0x0000000005e5d060, 0x0000000005e5e298]
Event: 472.407 Thread 0x000000001aba8000 nmethod 6318 0x0000000005e5ec50 code [0x0000000005e5ee80, 0x0000000005e60500]
Event: 472.407 Thread 0x000000001aba8000 6319       4       jdk.internal.org.objectweb.asm.MethodWriter::visitLocalVariable (223 bytes)
Event: 472.415 Thread 0x000000001abb4000 nmethod 6317 0x0000000005e61e10 code [0x0000000005e62080, 0x0000000005e635d0]
Event: 472.425 Thread 0x000000001aba8000 nmethod 6319 0x0000000005e65790 code [0x0000000005e65980, 0x0000000005e66ae0]
Event: 481.676 Thread 0x000000001abb8800 6320       3       java.net.URI::access$3000 (4 bytes)
Event: 481.676 Thread 0x000000001abb8800 nmethod 6320 0x000000000583eb10 code [0x000000000583ec60, 0x000000000583ed90]
Event: 487.678 Thread 0x000000001abb8800 6321       3       java.io.FileDescriptor::<init> (17 bytes)
Event: 487.678 Thread 0x000000001abb8800 nmethod 6321 0x0000000005e5ca10 code [0x0000000005e5cb60, 0x0000000005e5cd30]

GC Heap History (10 events):
Event: 446.132 GC heap before
{Heap before GC invocations=46 (full 5):
 PSYoungGen      total 62976K, used 23776K [0x00000000d6b00000, 0x00000000dd680000, 0x0000000100000000)
  eden space 18944K, 100% used [0x00000000d6b00000,0x00000000d7d80000,0x00000000d7d80000)
  from space 44032K, 10% used [0x00000000da980000,0x00000000dae38080,0x00000000dd480000)
  to   space 45056K, 0% used [0x00000000d7d80000,0x00000000d7d80000,0x00000000da980000)
 ParOldGen       total 63488K, used 19658K [0x0000000084000000, 0x0000000087e00000, 0x00000000d6b00000)
  object space 63488K, 30% used [0x0000000084000000,0x0000000085332808,0x0000000087e00000)
 Metaspace       used 30148K, capacity 31386K, committed 35328K, reserved 1079296K
  class space    used 3414K, capacity 3820K, committed 5120K, reserved 1048576K
Event: 446.139 GC heap after
Heap after GC invocations=46 (full 5):
 PSYoungGen      total 64000K, used 4432K [0x00000000d6b00000, 0x00000000dd580000, 0x0000000100000000)
  eden space 18944K, 0% used [0x00000000d6b00000,0x00000000d6b00000,0x00000000d7d80000)
  from space 45056K, 9% used [0x00000000d7d80000,0x00000000d81d4030,0x00000000da980000)
  to   space 45056K, 0% used [0x00000000da980000,0x00000000da980000,0x00000000dd580000)
 ParOldGen       total 63488K, used 23526K [0x0000000084000000, 0x0000000087e00000, 0x00000000d6b00000)
  object space 63488K, 37% used [0x0000000084000000,0x00000000856f9a18,0x0000000087e00000)
 Metaspace       used 30148K, capacity 31386K, committed 35328K, reserved 1079296K
  class space    used 3414K, capacity 3820K, committed 5120K, reserved 1048576K
}
Event: 448.470 GC heap before
{Heap before GC invocations=47 (full 5):
 PSYoungGen      total 64000K, used 23376K [0x00000000d6b00000, 0x00000000dd580000, 0x0000000100000000)
  eden space 18944K, 100% used [0x00000000d6b00000,0x00000000d7d80000,0x00000000d7d80000)
  from space 45056K, 9% used [0x00000000d7d80000,0x00000000d81d4030,0x00000000da980000)
  to   space 45056K, 0% used [0x00000000da980000,0x00000000da980000,0x00000000dd580000)
 ParOldGen       total 63488K, used 23526K [0x0000000084000000, 0x0000000087e00000, 0x00000000d6b00000)
  object space 63488K, 37% used [0x0000000084000000,0x00000000856f9a18,0x0000000087e00000)
 Metaspace       used 30244K, capacity 31590K, committed 35328K, reserved 1079296K
  class space    used 3432K, capacity 3888K, committed 5120K, reserved 1048576K
Event: 448.474 GC heap after
Heap after GC invocations=47 (full 5):
 PSYoungGen      total 64000K, used 4512K [0x00000000d6b00000, 0x00000000dd580000, 0x0000000100000000)
  eden space 18944K, 0% used [0x00000000d6b00000,0x00000000d6b00000,0x00000000d7d80000)
  from space 45056K, 10% used [0x00000000da980000,0x00000000dade8040,0x00000000dd580000)
  to   space 45056K, 0% used [0x00000000d7d80000,0x00000000d7d80000,0x00000000da980000)
 ParOldGen       total 63488K, used 27042K [0x0000000084000000, 0x0000000087e00000, 0x00000000d6b00000)
  object space 63488K, 42% used [0x0000000084000000,0x0000000085a68aa8,0x0000000087e00000)
 Metaspace       used 30244K, capacity 31590K, committed 35328K, reserved 1079296K
  class space    used 3432K, capacity 3888K, committed 5120K, reserved 1048576K
}
Event: 455.370 GC heap before
{Heap before GC invocations=48 (full 5):
 PSYoungGen      total 64000K, used 23456K [0x00000000d6b00000, 0x00000000dd580000, 0x0000000100000000)
  eden space 18944K, 100% used [0x00000000d6b00000,0x00000000d7d80000,0x00000000d7d80000)
  from space 45056K, 10% used [0x00000000da980000,0x00000000dade8040,0x00000000dd580000)
  to   space 45056K, 0% used [0x00000000d7d80000,0x00000000d7d80000,0x00000000da980000)
 ParOldGen       total 63488K, used 27042K [0x0000000084000000, 0x0000000087e00000, 0x00000000d6b00000)
  object space 63488K, 42% used [0x0000000084000000,0x0000000085a68aa8,0x0000000087e00000)
 Metaspace       used 30329K, capacity 31794K, committed 35328K, reserved 1079296K
  class space    used 3450K, capacity 3956K, committed 5120K, reserved 1048576K
Event: 455.373 GC heap after
Heap after GC invocations=48 (full 5):
 PSYoungGen      total 23552K, used 4448K [0x00000000d6b00000, 0x00000000dd380000, 0x0000000100000000)
  eden space 18944K, 0% used [0x00000000d6b00000,0x00000000d6b00000,0x00000000d7d80000)
  from space 4608K, 96% used [0x00000000d7d80000,0x00000000d81d8040,0x00000000d8200000)
  to   space 44032K, 0% used [0x00000000da880000,0x00000000da880000,0x00000000dd380000)
 ParOldGen       total 63488K, used 30638K [0x0000000084000000, 0x0000000087e00000, 0x00000000d6b00000)
  object space 63488K, 48% used [0x0000000084000000,0x0000000085debba8,0x0000000087e00000)
 Metaspace       used 30329K, capacity 31794K, committed 35328K, reserved 1079296K
  class space    used 3450K, capacity 3956K, committed 5120K, reserved 1048576K
}
Event: 458.943 GC heap before
{Heap before GC invocations=49 (full 5):
 PSYoungGen      total 23552K, used 23392K [0x00000000d6b00000, 0x00000000dd380000, 0x0000000100000000)
  eden space 18944K, 100% used [0x00000000d6b00000,0x00000000d7d80000,0x00000000d7d80000)
  from space 4608K, 96% used [0x00000000d7d80000,0x00000000d81d8040,0x00000000d8200000)
  to   space 44032K, 0% used [0x00000000da880000,0x00000000da880000,0x00000000dd380000)
 ParOldGen       total 63488K, used 30638K [0x0000000084000000, 0x0000000087e00000, 0x00000000d6b00000)
  object space 63488K, 48% used [0x0000000084000000,0x0000000085debba8,0x0000000087e00000)
 Metaspace       used 30412K, capacity 31998K, committed 35328K, reserved 1079296K
  class space    used 3467K, capacity 4024K, committed 5120K, reserved 1048576K
Event: 458.946 GC heap after
Heap after GC invocations=49 (full 5):
 PSYoungGen      total 61952K, used 4448K [0x00000000d6b00000, 0x00000000dd280000, 0x0000000100000000)
  eden space 18944K, 0% used [0x00000000d6b00000,0x00000000d6b00000,0x00000000d7d80000)
  from space 43008K, 10% used [0x00000000da880000,0x00000000dacd8040,0x00000000dd280000)
  to   space 43520K, 0% used [0x00000000d7d80000,0x00000000d7d80000,0x00000000da800000)
 ParOldGen       total 63488K, used 34171K [0x0000000084000000, 0x0000000087e00000, 0x00000000d6b00000)
  object space 63488K, 53% used [0x0000000084000000,0x000000008615ec48,0x0000000087e00000)
 Metaspace       used 30412K, capacity 31998K, committed 35328K, reserved 1079296K
  class space    used 3467K, capacity 4024K, committed 5120K, reserved 1048576K
}
Event: 466.817 GC heap before
{Heap before GC invocations=50 (full 5):
 PSYoungGen      total 61952K, used 23392K [0x00000000d6b00000, 0x00000000dd280000, 0x0000000100000000)
  eden space 18944K, 100% used [0x00000000d6b00000,0x00000000d7d80000,0x00000000d7d80000)
  from space 43008K, 10% used [0x00000000da880000,0x00000000dacd8040,0x00000000dd280000)
  to   space 43520K, 0% used [0x00000000d7d80000,0x00000000d7d80000,0x00000000da800000)
 ParOldGen       total 63488K, used 34171K [0x0000000084000000, 0x0000000087e00000, 0x00000000d6b00000)
  object space 63488K, 53% used [0x0000000084000000,0x000000008615ec48,0x0000000087e00000)
 Metaspace       used 30494K, capacity 32196K, committed 35328K, reserved 1079296K
  class space    used 3485K, capacity 4090K, committed 5120K, reserved 1048576K
Event: 466.822 GC heap after
Heap after GC invocations=50 (full 5):
 PSYoungGen      total 23552K, used 4560K [0x00000000d6b00000, 0x00000000dcf80000, 0x0000000100000000)
  eden space 18944K, 0% used [0x00000000d6b00000,0x00000000d6b00000,0x00000000d7d80000)
  from space 4608K, 98% used [0x00000000d7d80000,0x00000000d81f4070,0x00000000d8200000)
  to   space 41984K, 0% used [0x00000000da680000,0x00000000da680000,0x00000000dcf80000)
 ParOldGen       total 63488K, used 37743K [0x0000000084000000, 0x0000000087e00000, 0x00000000d6b00000)
  object space 63488K, 59% used [0x0000000084000000,0x00000000864dbd28,0x0000000087e00000)
 Metaspace       used 30494K, capacity 32196K, committed 35328K, reserved 1079296K
  class space    used 3485K, capacity 4090K, committed 5120K, reserved 1048576K
}

Deoptimization events (10 events):
Event: 391.065 Thread 0x000000001c325800 Uncommon trap: reason=null_check action=make_not_entrant pc=0x0000000005d7ed58 method=jdk.nashorn.internal.runtime.options.OptionTemplate.nameMatches(Ljava/lang/String;)Z @ 5
Event: 394.650 Thread 0x000000001c325800 Uncommon trap: reason=unhandled action=reinterpret pc=0x0000000005a97d60 method=java.lang.invoke.CallSite.<init>(Ljava/lang/invoke/MethodHandle;)V @ 11
Event: 397.931 Thread 0x000000001c325800 Uncommon trap: reason=class_check action=maybe_recompile pc=0x0000000005ad26c8 method=jdk.nashorn.internal.ir.LiteralNode$NumberLiteralNode.<init>(JILjava/lang/Number;)V @ 20
Event: 397.936 Thread 0x000000001c325800 Uncommon trap: reason=class_check action=maybe_recompile pc=0x0000000005ad26c8 method=jdk.nashorn.internal.ir.LiteralNode$NumberLiteralNode.<init>(JILjava/lang/Number;)V @ 20
Event: 397.945 Thread 0x000000001c325800 Uncommon trap: reason=class_check action=maybe_recompile pc=0x0000000005ad26c8 method=jdk.nashorn.internal.ir.LiteralNode$NumberLiteralNode.<init>(JILjava/lang/Number;)V @ 20
Event: 397.948 Thread 0x000000001c325800 Uncommon trap: reason=class_check action=maybe_recompile pc=0x0000000005ad26c8 method=jdk.nashorn.internal.ir.LiteralNode$NumberLiteralNode.<init>(JILjava/lang/Number;)V @ 20
Event: 412.173 Thread 0x000000001c325800 Uncommon trap: reason=unhandled action=reinterpret pc=0x0000000005deb008 method=java.lang.invoke.CallSite.<init>(Ljava/lang/invoke/MethodHandle;)V @ 11
Event: 429.947 Thread 0x000000001c325800 Uncommon trap: reason=unhandled action=reinterpret pc=0x0000000005dee408 method=java.lang.invoke.CallSite.<init>(Ljava/lang/invoke/MethodHandle;)V @ 11
Event: 456.317 Thread 0x000000001c325800 Uncommon trap: reason=unhandled action=reinterpret pc=0x0000000005e32708 method=java.lang.invoke.CallSite.<init>(Ljava/lang/invoke/MethodHandle;)V @ 11
Event: 458.952 Thread 0x000000001c325800 Uncommon trap: reason=unhandled action=reinterpret pc=0x00000000051fd05c method=java.lang.invoke.CallSite.<init>(Ljava/lang/invoke/MethodType;)V @ 10

Classes redefined (1 events):
Event: 485.066 Thread 0x0000000019528800 redefined class name=com.cic.pas.procotol.ByteModBusDecoder, count=1

Internal exceptions (10 events):
Event: 466.813 Thread 0x000000001cb0b800 Exception <a 'java/lang/ArrayIndexOutOfBoundsException'> (0x00000000d781f628) thrown at [C:\re\workspace\8-2-build-windows-amd64-cygwin\jdk8u152\9742\hotspot\src\share\vm\runtime\sharedRuntime.cpp, line 605]
Event: 468.133 Thread 0x000000001cb0b800 Exception <a 'java/lang/ArrayIndexOutOfBoundsException'> (0x00000000d6d99b70) thrown at [C:\re\workspace\8-2-build-windows-amd64-cygwin\jdk8u152\9742\hotspot\src\share\vm\runtime\sharedRuntime.cpp, line 605]
Event: 468.535 Thread 0x000000001cb0b800 Exception <a 'java/lang/ArrayIndexOutOfBoundsException'> (0x00000000d6d9a660) thrown at [C:\re\workspace\8-2-build-windows-amd64-cygwin\jdk8u152\9742\hotspot\src\share\vm\runtime\sharedRuntime.cpp, line 605]
Event: 472.342 Thread 0x000000001cb0b800 Exception <a 'java/lang/ArrayIndexOutOfBoundsException'> (0x00000000d71cb040) thrown at [C:\re\workspace\8-2-build-windows-amd64-cygwin\jdk8u152\9742\hotspot\src\share\vm\runtime\sharedRuntime.cpp, line 605]
Event: 481.673 Thread 0x000000001c325800 Implicit null exception at 0x0000000005cacf97 to 0x0000000005cae73b
Event: 481.673 Thread 0x000000001c325800 Exception <a 'java/lang/NullPointerException'> (0x00000000d74f3148) thrown at [C:\re\workspace\8-2-build-windows-amd64-cygwin\jdk8u152\9742\hotspot\src\share\vm\runtime\sharedRuntime.cpp, line 605]
Event: 484.677 Thread 0x000000001c325800 Exception <a 'java/net/SocketTimeoutException': connect timed out> (0x00000000d7503310) thrown at [C:\re\workspace\8-2-build-windows-amd64-cygwin\jdk8u152\9742\hotspot\src\share\vm\prims\jni.cpp, line 735]
Event: 490.678 Thread 0x000000001c325800 Exception <a 'java/net/SocketTimeoutException': connect timed out> (0x00000000d7513160) thrown at [C:\re\workspace\8-2-build-windows-amd64-cygwin\jdk8u152\9742\hotspot\src\share\vm\prims\jni.cpp, line 735]
Event: 496.679 Thread 0x000000001c325800 Exception <a 'java/net/SocketTimeoutException': connect timed out> (0x00000000d7522fb0) thrown at [C:\re\workspace\8-2-build-windows-amd64-cygwin\jdk8u152\9742\hotspot\src\share\vm\prims\jni.cpp, line 735]
Event: 499.741 Thread 0x000000001cb0b800 Exception <a 'java/lang/ArrayIndexOutOfBoundsException'> (0x00000000d75b8b08) thrown at [C:\re\workspace\8-2-build-windows-amd64-cygwin\jdk8u152\9742\hotspot\src\share\vm\runtime\sharedRuntime.cpp, line 605]

Events (10 events):
Event: 499.740 Executing VM operation: RevokeBias
Event: 499.741 Executing VM operation: RevokeBias done
Event: 499.741 Thread 0x000000001cb0b800 DEOPT PACKING pc=0x0000000005868400 sp=0x000000002204ed00
Event: 499.741 Thread 0x000000001cb0b800 DEOPT UNPACKING pc=0x0000000004bd787f sp=0x000000002204ea20 mode 1
Event: 499.741 Thread 0x000000001cb0b800 DEOPT PACKING pc=0x0000000005c41e54 sp=0x000000002204ed40
Event: 499.741 Thread 0x000000001cb0b800 DEOPT UNPACKING pc=0x0000000004bd787f sp=0x000000002204ea88 mode 1
Event: 499.741 Thread 0x000000001cb0b800 DEOPT PACKING pc=0x0000000005b84dc4 sp=0x000000002204ee10
Event: 499.741 Thread 0x000000001cb0b800 DEOPT UNPACKING pc=0x0000000004bd787f sp=0x000000002204eb40 mode 1
Event: 499.741 Thread 0x000000001cb0b800 DEOPT PACKING pc=0x0000000005653aa4 sp=0x000000002204ee60
Event: 499.741 Thread 0x000000001cb0b800 DEOPT UNPACKING pc=0x0000000004bd787f sp=0x000000002204ec08 mode 1


Dynamic libraries:
0x00007ff6dcb20000 - 0x00007ff6dcb57000 	D:\Program Files\Java\jre1.8.0_152\bin\java.exe
0x00007ffc30300000 - 0x00007ffc304e0000 	C:\WINDOWS\SYSTEM32\ntdll.dll
0x00007ffc2ed80000 - 0x00007ffc2ee2e000 	C:\WINDOWS\System32\KERNEL32.DLL
0x00007ffc2c450000 - 0x00007ffc2c6b6000 	C:\WINDOWS\System32\KERNELBASE.dll
0x00007ffc2ee90000 - 0x00007ffc2ef31000 	C:\WINDOWS\System32\ADVAPI32.dll
0x00007ffc2eae0000 - 0x00007ffc2eb7d000 	C:\WINDOWS\System32\msvcrt.dll
0x00007ffc2ff00000 - 0x00007ffc2ff5b000 	C:\WINDOWS\System32\sechost.dll
0x00007ffc2ebb0000 - 0x00007ffc2eccf000 	C:\WINDOWS\System32\RPCRT4.dll
0x00007ffc30030000 - 0x00007ffc301bf000 	C:\WINDOWS\System32\USER32.dll
0x00007ffc2d360000 - 0x00007ffc2d380000 	C:\WINDOWS\System32\win32u.dll
0x00007ffc2eb80000 - 0x00007ffc2eba8000 	C:\WINDOWS\System32\GDI32.dll
0x00007ffc2d380000 - 0x00007ffc2d513000 	C:\WINDOWS\System32\gdi32full.dll
0x00007ffc2d2c0000 - 0x00007ffc2d35b000 	C:\WINDOWS\System32\msvcp_win.dll
0x00007ffc2c7f0000 - 0x00007ffc2c8e6000 	C:\WINDOWS\System32\ucrtbase.dll
0x00007ffc1ebd0000 - 0x00007ffc1ee39000 	C:\WINDOWS\WinSxS\amd64_microsoft.windows.common-controls_6595b64144ccf1df_6.0.16299.371_none_15c7d1789365a290\COMCTL32.dll
0x00007ffc2f3a0000 - 0x00007ffc2f6a8000 	C:\WINDOWS\System32\combase.dll
0x00007ffc2c770000 - 0x00007ffc2c7e2000 	C:\WINDOWS\System32\bcryptPrimitives.dll
0x00007ffc2fed0000 - 0x00007ffc2fefd000 	C:\WINDOWS\System32\IMM32.DLL
0x00000000771c0000 - 0x0000000077292000 	D:\Program Files\Java\jre1.8.0_152\bin\msvcr100.dll
0x0000000074cc0000 - 0x0000000075560000 	D:\Program Files\Java\jre1.8.0_152\bin\server\jvm.dll
0x00007ffc2c420000 - 0x00007ffc2c443000 	C:\WINDOWS\System32\WINMM.dll
0x00007ffc2c3e0000 - 0x00007ffc2c40a000 	C:\WINDOWS\System32\WINMMBASE.dll
0x00007ffc2d5d0000 - 0x00007ffc2d61a000 	C:\WINDOWS\System32\cfgmgr32.dll
0x00007ffc2f0e0000 - 0x00007ffc2f0e8000 	C:\WINDOWS\System32\PSAPI.DLL
0x00007ffc1d280000 - 0x00007ffc1d289000 	C:\WINDOWS\SYSTEM32\WSOCK32.dll
0x00007ffc2f1a0000 - 0x00007ffc2f20c000 	C:\WINDOWS\System32\WS2_32.dll
0x00007ffc264b0000 - 0x00007ffc264ba000 	C:\WINDOWS\SYSTEM32\VERSION.dll
0x00000000771b0000 - 0x00000000771bf000 	D:\Program Files\Java\jre1.8.0_152\bin\verify.dll
0x0000000076160000 - 0x0000000076189000 	D:\Program Files\Java\jre1.8.0_152\bin\java.dll
0x0000000076120000 - 0x0000000076155000 	D:\Program Files\Java\jre1.8.0_152\bin\jdwp.dll
0x00000000771a0000 - 0x00000000771a8000 	D:\Program Files\Java\jre1.8.0_152\bin\npt.dll
0x00000000760f0000 - 0x0000000076113000 	D:\Program Files\Java\jre1.8.0_152\bin\instrument.dll
0x00000000760d0000 - 0x00000000760e6000 	D:\Program Files\Java\jre1.8.0_152\bin\zip.dll
0x00007ffc2d620000 - 0x00007ffc2ea56000 	C:\WINDOWS\System32\SHELL32.dll
0x00007ffc2f0f0000 - 0x00007ffc2f196000 	C:\WINDOWS\System32\shcore.dll
0x00007ffc2cac0000 - 0x00007ffc2d207000 	C:\WINDOWS\System32\windows.storage.dll
0x00007ffc2ee30000 - 0x00007ffc2ee81000 	C:\WINDOWS\System32\shlwapi.dll
0x00007ffc2c3a0000 - 0x00007ffc2c3b1000 	C:\WINDOWS\System32\kernel.appcore.dll
0x00007ffc2d210000 - 0x00007ffc2d25c000 	C:\WINDOWS\System32\powrprof.dll
0x00007ffc2c380000 - 0x00007ffc2c39b000 	C:\WINDOWS\System32\profapi.dll
0x0000000077190000 - 0x0000000077199000 	D:\Program Files\Java\jre1.8.0_152\bin\dt_socket.dll
0x00007ffc2bb80000 - 0x00007ffc2bbe6000 	C:\WINDOWS\system32\mswsock.dll
0x00000000760c0000 - 0x00000000760cd000 	D:\Program Files\Java\jre1.8.0_152\bin\management.dll
0x0000000077090000 - 0x00000000770aa000 	D:\Program Files\Java\jre1.8.0_152\bin\net.dll
0x00007ffc2b950000 - 0x00007ffc2ba06000 	C:\WINDOWS\SYSTEM32\DNSAPI.dll
0x00007ffc2f040000 - 0x00007ffc2f048000 	C:\WINDOWS\System32\NSI.dll
0x00007ffc2b910000 - 0x00007ffc2b949000 	C:\WINDOWS\SYSTEM32\IPHLPAPI.DLL
0x00007ffc250d0000 - 0x00007ffc250da000 	C:\Windows\System32\rasadhlp.dll
0x00007ffc264c0000 - 0x00007ffc26530000 	C:\WINDOWS\System32\fwpuclnt.dll
0x00007ffc2be50000 - 0x00007ffc2be75000 	C:\WINDOWS\SYSTEM32\bcrypt.dll
0x00007ffc2bd50000 - 0x00007ffc2bd67000 	C:\WINDOWS\SYSTEM32\CRYPTSP.dll
0x00007ffc2b780000 - 0x00007ffc2b7b3000 	C:\WINDOWS\system32\rsaenh.dll
0x00007ffc2c2b0000 - 0x00007ffc2c2d9000 	C:\WINDOWS\SYSTEM32\USERENV.dll
0x00007ffc2bd40000 - 0x00007ffc2bd4b000 	C:\WINDOWS\SYSTEM32\CRYPTBASE.dll
0x00007ffc27410000 - 0x00007ffc27426000 	C:\WINDOWS\SYSTEM32\dhcpcsvc6.DLL
0x00007ffc27890000 - 0x00007ffc278aa000 	C:\WINDOWS\SYSTEM32\dhcpcsvc.DLL
0x0000000077070000 - 0x0000000077081000 	D:\Program Files\Java\jre1.8.0_152\bin\nio.dll
0x0000000180000000 - 0x0000000180070000 	F:\Workspaces\IDEA\newpre\lib\sigar-amd64-winnt.dll
0x00007ffc2fd80000 - 0x00007ffc2fec9000 	C:\WINDOWS\System32\ole32.dll
0x00007ffc2ff60000 - 0x00007ffc30025000 	C:\WINDOWS\System32\OLEAUT32.dll
0x00007ffc19870000 - 0x00007ffc198bc000 	C:\WINDOWS\SYSTEM32\pdh.dll
0x00007ffc1d910000 - 0x00007ffc1d927000 	C:\WINDOWS\SYSTEM32\NETAPI32.dll
0x00007ffc2ba10000 - 0x00007ffc2ba1e000 	C:\WINDOWS\SYSTEM32\NETUTILS.DLL
0x00007ffc1d8e0000 - 0x00007ffc1d906000 	C:\WINDOWS\SYSTEM32\SRVCLI.DLL
0x00007ffc1b960000 - 0x00007ffc1bb28000 	C:\WINDOWS\SYSTEM32\dbghelp.dll

VM Arguments:
jvm_args: -agentlib:jdwp=transport=dt_socket,address=127.0.0.1:1064,suspend=y,server=n -Djava.library.path=F:\Workspaces\IDEA\newpre\lib -Dfile.encoding=UTF-8 -javaagent:C:\Users\Administrator\AppData\Local\Temp\capture3343jars\debugger-agent.jar=file:/C:/Users/Administrator/AppData/Local/Temp/capture8666.props 
java_command: com.cic.pas.Main
java_class_path (initial): D:\Program Files\Java\jre1.8.0_152\lib\charsets.jar;D:\Program Files\Java\jre1.8.0_152\lib\deploy.jar;D:\Program Files\Java\jre1.8.0_152\lib\ext\RXTXcomm.jar;D:\Program Files\Java\jre1.8.0_152\lib\ext\access-bridge-64.jar;D:\Program Files\Java\jre1.8.0_152\lib\ext\cldrdata.jar;D:\Program Files\Java\jre1.8.0_152\lib\ext\dnsns.jar;D:\Program Files\Java\jre1.8.0_152\lib\ext\jaccess.jar;D:\Program Files\Java\jre1.8.0_152\lib\ext\jfxrt.jar;D:\Program Files\Java\jre1.8.0_152\lib\ext\localedata.jar;D:\Program Files\Java\jre1.8.0_152\lib\ext\nashorn.jar;D:\Program Files\Java\jre1.8.0_152\lib\ext\sunec.jar;D:\Program Files\Java\jre1.8.0_152\lib\ext\sunjce_provider.jar;D:\Program Files\Java\jre1.8.0_152\lib\ext\sunmscapi.jar;D:\Program Files\Java\jre1.8.0_152\lib\ext\sunpkcs11.jar;D:\Program Files\Java\jre1.8.0_152\lib\ext\zipfs.jar;D:\Program Files\Java\jre1.8.0_152\lib\javaws.jar;D:\Program Files\Java\jre1.8.0_152\lib\jce.jar;D:\Program Files\Java\jre1.8.0_152\lib\jfr.jar;D:\Program Files\Java\jre1.8.0_152\lib\jfxswt.jar;D:\Program Files\Java\jre1.8.0_152\lib\jsse.jar;D:\Program Files\Java\jre1.8.0_152\lib\management-agent.jar;D:\Program Files\Java\jre1.8.0_152\lib\plugin.jar;D:\Program Files\Java\jre1.8.0_152\lib\resources.jar;D:\Program Files\Java\jre1.8.0_152\lib\rt.jar;F:\Workspaces\IDEA\newpre\out\production\newpre;F:\Workspaces\IDEA\newpre\lib\jdmkrt.jar;F:\Workspaces\IDEA\newpre\lib\jta-1.1.jar;F:\Workspaces\IDEA\newpre\lib\wrapper.jar;F:\Workspaces\IDEA\newpre\lib\protocol.jar;F:\Workspaces\IDEA\newpre\lib\RXTXcomm.jar;F:\Workspaces\IDEA\newpre\lib\aspectjrt.jar;F:\Workspaces\IDEA\newpre\lib\seroUtils.jar;F:\Workspaces\IDEA\newpre\lib\junit-4.10.jar;F:\Workspaces\IDEA\newpre\lib\dom4j-1.6.1.jar;F:\Workspaces\IDEA\newpre\lib\jzlib-1.0.7.jar;F:\Workspaces\IDEA\newpre\lib\sigar-1.6.6.jar;F:\Workspaces\IDEA\newpre\lib\commons-dbcp.jar;F:\Workspaces\IDEA\newpre\lib\commons-pool.jar;F:\Workspaces\IDEA\newpre\lib\log4j-1.2.15.jar;F:\Workspaces\
Launcher Type: SUN_STANDARD

Environment Variables:
JAVA_HOME=D:\Program Files\Java\jdk1.8.0_152
CLASSPATH=%JMETER_HOME\lib\ext\ApacheJMeter_core.jar;D:\Program Files\apache-jmeter-4.0\lib\jorphan.jar;D:\Program Files\apache-jmeter-4.0\lib\logkit-2.0.jar;.;D:\Program Files\Java\jdk1.8.0_152\lib\dt.jar;D:\Program Files\Java\jdk1.8.0_152\lib\tools.jar;D:\Program Files\apache-tomcat-7.0.88\lib\servlet-api.jar;
PATH=C:\Program Files\Common Files\Siemens\Automation\Simatic OAM\bin;C:\Program Files (x86)\Common Files\Oracle\Java\javapath1;C:\ProgramData\Oracle\Java\javapath1;C:\Program Files (x86)\ActiveState Komodo IDE 10\;C:\Perl64\site\bin;C:\Perl64\bin;C:\Program Files (x86)\Intel\iCLS Client\;C:\Program Files\Intel\iCLS Client\;C:\WINDOWS\system32;C:\WINDOWS;C:\WINDOWS\System32\Wbem;C:\WINDOWS\System32\WindowsPowerShell\v1.0\;D:\Program Files (x86)\Microsoft SQL Server\100\Tools\Binn\;C:\Program Files (x86)\Intel\Intel(R) Management Engine Components\DAL;C:\Program Files\Intel\Intel(R) Management Engine Components\DAL;C:\Program Files (x86)\Intel\Intel(R) Management Engine Components\IPT;C:\Program Files\Intel\Intel(R) Management Engine Components\IPT;C:\Program Files\Common Files\Autodesk Shared\;D:\Program Files\Java\jdk1.8.0_152\bin;C:\Program Files\VisualSVN Server\bin;D:\Program Files\mysql-5.7.17-winx64\bin;C:\Program Files\Microsoft SQL Server\100\Tools\Binn\;C:\Program Files\Microsoft SQL Server\100\DTS\Binn\;C:\Program Files (x86)\GtkSharp\2.12\bin;D:\Program Files\apache-maven-3.5.3\bin;C:\Program Files (x86)\Windows Kits\10\Windows Performance Toolkit\;D:\Program Files\apache-tomcat-7.0.88\bin;D:\Program Files\apache-tomcat-7.0.88\lib;f:\Program Files\Git\cmd;F:\Program Files\nodejs\;C:\Users\Administrator\AppData\Local\Microsoft\WindowsApps;C:\Users\Administrator\AppData\Roaming\npm
USERNAME=Administrator
OS=Windows_NT
PROCESSOR_IDENTIFIER=Intel64 Family 6 Model 69 Stepping 1, GenuineIntel



---------------  S Y S T E M  ---------------

OS: Windows 10.0 , 64 bit Build 16299 (10.0.16299.15)

CPU:total 4 (initial active 4) (2 cores per cpu, 2 threads per core) family 6 model 69 stepping 1, cmov, cx8, fxsr, mmx, sse, sse2, sse3, ssse3, sse4.1, sse4.2, popcnt, avx, avx2, aes, clmul, erms, lzcnt, ht, tsc, tscinvbit, bmi1, bmi2

Memory: 4k page, physical 8122608k(2073928k free), swap 16249072k(6750628k free)

vm_info: Java HotSpot(TM) 64-Bit Server VM (25.152-b16) for windows-amd64 JRE (1.8.0_152-b16), built on Sep 14 2017 02:29:36 by "java_re" with MS VC++ 10.0 (VS2010)

time: Thu Jan 24 10:34:08 2019
elapsed time: 499 seconds (0d 0h 8m 19s)

