2019-08-08 00:00:00  [ datainsert:7103075 ] - [ INFO ]  准备生成插入数据Thu Aug 08 00:00:00 CST 2019
2019-08-08 00:00:01  [ datainsert:7103484 ] - [ INFO ]  批量执行插入临时数据0-31条数据成功,共31条数据<SQL>......
2019-08-08 00:00:01  [ datainsert:7103522 ] - [ INFO ]  批量执行插入日数据0-31条数据成功,共31条数据<SQL>......
2019-08-08 00:00:01  [ datainsert:7103617 ] - [ INFO ]  批量执行插入月数据成功SQL>......
2019-08-08 00:01:01  [ datainsert:7163631 ] - [ INFO ]  插入数据完成Thu Aug 08 00:01:01 CST 2019,用时:60556
2019-08-08 00:01:01  [ datainsert:7163631 ] - [ INFO ]  当前时间：Wed Aug 07 00:00:00 CST 2019,线程等待：839000
2019-08-08 00:15:00  [ datainsert:8002632 ] - [ INFO ]  准备生成插入数据Thu Aug 08 00:15:00 CST 2019
2019-08-08 00:15:00  [ datainsert:8003056 ] - [ INFO ]  批量执行插入临时数据0-31条数据成功,共31条数据<SQL>......
2019-08-08 00:16:00  [ datainsert:8063075 ] - [ INFO ]  插入数据完成Thu Aug 08 00:16:00 CST 2019,用时:60443
2019-08-08 00:16:00  [ datainsert:8063075 ] - [ INFO ]  当前时间：Thu Aug 08 00:15:00 CST 2019,线程等待：840000
2019-08-08 00:30:00  [ datainsert:8903076 ] - [ INFO ]  准备生成插入数据Thu Aug 08 00:30:00 CST 2019
2019-08-08 00:30:01  [ datainsert:8903461 ] - [ INFO ]  批量执行插入临时数据0-31条数据成功,共31条数据<SQL>......
2019-08-08 00:31:01  [ datainsert:8963475 ] - [ INFO ]  插入数据完成Thu Aug 08 00:31:01 CST 2019,用时:60399
2019-08-08 00:31:01  [ datainsert:8963476 ] - [ INFO ]  当前时间：Thu Aug 08 00:30:00 CST 2019,线程等待：839000
2019-08-08 00:45:00  [ datainsert:9802477 ] - [ INFO ]  准备生成插入数据Thu Aug 08 00:45:00 CST 2019
2019-08-08 00:45:00  [ datainsert:9802496 ] - [ INFO ]  Loading XML bean definitions from class path resource [org/springframework/jdbc/support/sql-error-codes.xml]
2019-08-08 00:45:00  [ datainsert:9802560 ] - [ INFO ]  SQLErrorCodes loaded: [DB2, Derby, H2, HSQL, Informix, MS-SQL, MySQL, Oracle, PostgreSQL, Sybase]
2019-08-08 00:45:00  [ datainsert:9802736 ] - [ INFO ]  org.springframework.dao.TransientDataAccessResourceException: StatementCallback; SQL [delete from esmsp_sum_measur_organization_day_temp]; Could not retrieve transation read-only status server; nested exception is java.sql.SQLException: Could not retrieve transation read-only status server
2019-08-08 00:45:00  [ datainsert:9802741 ] - [ INFO ]  插入数据完成Thu Aug 08 00:45:00 CST 2019,用时:264
2019-08-08 00:45:00  [ datainsert:9802741 ] - [ INFO ]  当前时间：Thu Aug 08 00:45:00 CST 2019,线程等待：900000
2019-08-08 01:00:00  [ datainsert:10702741 ] - [ INFO ]  准备生成插入数据Thu Aug 08 01:00:00 CST 2019
2019-08-08 01:00:00  [ datainsert:10703117 ] - [ INFO ]  批量执行插入临时数据0-31条数据成功,共31条数据<SQL>......
2019-08-08 01:01:00  [ datainsert:10763138 ] - [ INFO ]  插入数据完成Thu Aug 08 01:01:00 CST 2019,用时:60397
2019-08-08 01:01:00  [ datainsert:10763139 ] - [ INFO ]  当前时间：Thu Aug 08 01:00:00 CST 2019,线程等待：840000
2019-08-08 01:15:00  [ datainsert:11603140 ] - [ INFO ]  准备生成插入数据Thu Aug 08 01:15:00 CST 2019
2019-08-08 01:15:01  [ datainsert:11603510 ] - [ INFO ]  批量执行插入临时数据0-31条数据成功,共31条数据<SQL>......
2019-08-08 01:16:01  [ datainsert:11663529 ] - [ INFO ]  插入数据完成Thu Aug 08 01:16:01 CST 2019,用时:60389
2019-08-08 01:16:01  [ datainsert:11663529 ] - [ INFO ]  当前时间：Thu Aug 08 01:15:00 CST 2019,线程等待：839000
